15:44:44: Creating resource group General
15:44:44: Creating resource group Internal
15:44:44: Creating resource group Autodetect
15:44:44: Registering ResourceManager for type Mesh
15:44:44: Registering ResourceManager for type Material
15:44:44: Registering ResourceManager for type Skeleton
15:44:44: XMLMeshSerializer reading mesh data from Plane.mesh.xml...
15:44:44: Reading geometry...
15:44:44: Geometry done...
15:44:44: Reading submeshes...
15:44:44: Submeshes done.
15:44:44: XMLMeshSerializer import successful.
15:44:44: Reorganising vertex buffers to automatic layout..
15:44:44: MeshSerializer writing mesh data to Plane.mesh...
15:44:44: File header written.
15:44:44: Writing mesh data...
15:44:44: Writing submesh...
15:44:44: Exporting submesh texture aliases...
15:44:44: Submesh texture aliases exported.
15:44:44: Submesh exported.
15:44:44: Exporting bounds information....
15:44:44: Bounds information exported.
15:44:44: Exporting submesh name table...
15:44:44: Submesh name table exported.
15:44:44: Exporting edge lists...
15:44:44: Edge lists exported
15:44:44: Mesh data exported.
15:44:44: MeshSerializer export successful.
15:44:44: Unregistering ResourceManager for type Skeleton
15:44:44: Unregistering ResourceManager for type Material
15:44:44: Unregistering ResourceManager for type Mesh
