18:13:03: Creating resource group General
18:13:03: Creating resource group Internal
18:13:03: Creating resource group Autodetect
18:13:03: SceneManagerFactory for type 'DefaultSceneManager' registered.
18:13:03: Registering ResourceManager for type Material
18:13:03: Registering ResourceManager for type Mesh
18:13:03: Registering ResourceManager for type Skeleton
18:13:03: MovableObjectFactory for type 'ParticleSystem' registered.
18:13:03: OverlayElementFactory for type Panel registered.
18:13:03: OverlayElementFactory for type BorderPanel registered.
18:13:03: OverlayElementFactory for type TextArea registered.
18:13:03: Registering ResourceManager for type Font
18:13:03: ArchiveFactory for archive type FileSystem registered.
18:13:03: ArchiveFactory for archive type Zip registered.
18:13:03: DDS codec registering
18:13:03: FreeImage version: 3.13.1
18:13:03: This program uses FreeImage, a free, open source image library supporting all common bitmap formats. See http://freeimage.sourceforge.net for details
18:13:03: Supported formats: bmp,ico,jpg,jif,jpeg,jpe,jng,koa,iff,lbm,mng,pbm,pbm,pcd,pcx,pgm,pgm,png,ppm,ppm,ras,tga,targa,tif,tiff,wap,wbmp,wbm,psd,cut,xbm,xpm,gif,hdr,g3,sgi,exr,j2k,j2c,jp2,pfm,pct,pict,pic,bay,bmq,cr2,crw,cs1,dc2,dcr,dng,erf,fff,hdr,k25,kdc,mdc,mos,mrw,nef,orf,pef,pxn,raf,raw,rdc,sr2,srf,arw,3fr,cine,ia,kc2,mef,nrw,qtk,rw2,sti,drf,dsc,ptx,cap,iiq,rwz
18:13:03: Registering ResourceManager for type HighLevelGpuProgram
18:13:03: Registering ResourceManager for type Compositor
18:13:03: MovableObjectFactory for type 'Entity' registered.
18:13:03: MovableObjectFactory for type 'Light' registered.
18:13:03: MovableObjectFactory for type 'BillboardSet' registered.
18:13:03: MovableObjectFactory for type 'ManualObject' registered.
18:13:03: MovableObjectFactory for type 'BillboardChain' registered.
18:13:03: MovableObjectFactory for type 'RibbonTrail' registered.
18:13:03: *-*-* OGRE Initialising
18:13:03: *-*-* Version 1.7.3 (Cthugha)
18:13:03: Loading library RenderSystem_GL
18:13:03: Installing plugin: GL RenderSystem
18:13:03: OpenGL Rendering Subsystem created.
18:13:03: Plugin successfully installed
18:13:03: Loading library Plugin_ParticleFX
18:13:03: Installing plugin: ParticleFX
18:13:03: Particle Emitter Type 'Point' registered
18:13:03: Particle Emitter Type 'Box' registered
18:13:03: Particle Emitter Type 'Ellipsoid' registered
18:13:03: Particle Emitter Type 'Cylinder' registered
18:13:03: Particle Emitter Type 'Ring' registered
18:13:03: Particle Emitter Type 'HollowEllipsoid' registered
18:13:03: Particle Affector Type 'LinearForce' registered
18:13:03: Particle Affector Type 'ColourFader' registered
18:13:03: Particle Affector Type 'ColourFader2' registered
18:13:03: Particle Affector Type 'ColourImage' registered
18:13:03: Particle Affector Type 'ColourInterpolator' registered
18:13:03: Particle Affector Type 'Scaler' registered
18:13:03: Particle Affector Type 'Rotator' registered
18:13:03: Particle Affector Type 'DirectionRandomiser' registered
18:13:03: Particle Affector Type 'DeflectorPlane' registered
18:13:03: Plugin successfully installed
18:13:03: Loading library Plugin_CgProgramManager
18:13:03: Installing plugin: Cg Program Manager
18:13:03: Plugin successfully installed
18:13:03: Loading library Plugin_OctreeSceneManager
18:13:03: Installing plugin: Octree & Terrain Scene Manager
18:13:03: Plugin successfully installed
18:13:03: CPU Identifier & Features
18:13:03: -------------------------
18:13:03:  *   CPU ID: GenuineIntel: Intel(R) Core(TM) i3 CPU       M 330  @ 2.13GHz
18:13:03:  *      SSE: yes
18:13:03:  *     SSE2: yes
18:13:03:  *     SSE3: yes
18:13:03:  *      MMX: yes
18:13:03:  *   MMXEXT: yes
18:13:03:  *    3DNOW: no
18:13:03:  * 3DNOWEXT: no
18:13:03:  *     CMOV: yes
18:13:03:  *      TSC: yes
18:13:03:  *      FPU: yes
18:13:03:  *      PRO: yes
18:13:03:  *       HT: no
18:13:03: -------------------------
18:13:03: ******************************
*** Starting GLX Subsystem ***
******************************
18:13:03: GLRenderSystem::_createRenderWindow "Hello Ogre World", 800x600 windowed  miscParams: FSAA=0 vsync=true 
18:13:03: OGRE EXCEPTION(6:FileNotFoundException): Cannot locate resource GLX_icon.png in resource group General or any other group. in ResourceGroupManager::openResource at /home/paulo/mary/ogre_src_v1-7-3/OgreMain/src/OgreResourceGroupManager.cpp (line 753)
18:13:03: GLXWindow::create used FBConfigID = 106
18:13:03: GL_VERSION = 2.1 Mesa 7.10.2
18:13:03: GL_VENDOR = Tungsten Graphics, Inc
18:13:03: GL_RENDERER = Mesa DRI Intel(R) Ironlake Mobile GEM 20100330 DEVELOPMENT x86/MMX/SSE2
18:13:03: GL_EXTENSIONS = GL_ARB_copy_buffer GL_ARB_depth_clamp GL_ARB_depth_texture GL_ARB_draw_buffers GL_ARB_draw_elements_base_vertex GL_ARB_explicit_attrib_location GL_ARB_fragment_coord_conventions GL_ARB_fragment_program GL_ARB_fragment_program_shadow GL_ARB_fragment_shader GL_ARB_framebuffer_object GL_ARB_half_float_pixel GL_ARB_half_float_vertex GL_ARB_map_buffer_range GL_ARB_multisample GL_ARB_multitexture GL_ARB_occlusion_query GL_ARB_pixel_buffer_object GL_ARB_point_parameters GL_ARB_point_sprite GL_ARB_provoking_vertex GL_ARB_seamless_cube_map GL_ARB_shader_objects GL_ARB_shading_language_100 GL_ARB_shadow GL_ARB_sync GL_ARB_texture_border_clamp GL_ARB_texture_compression GL_ARB_texture_cube_map GL_ARB_texture_env_add GL_ARB_texture_env_combine GL_ARB_texture_env_crossbar GL_ARB_texture_env_dot3 GL_ARB_texture_mirrored_repeat GL_ARB_texture_non_power_of_two GL_ARB_texture_rectangle GL_ARB_texture_rg GL_ARB_texture_swizzle GL_ARB_transpose_matrix GL_ARB_vertex_array_bgra GL_ARB_vertex_array_object GL_ARB_vertex_buffer_object GL_ARB_vertex_program GL_ARB_vertex_shader GL_ARB_window_pos GL_EXT_abgr GL_EXT_bgra GL_EXT_blend_color GL_EXT_blend_equation_separate GL_EXT_blend_func_separate GL_EXT_blend_logic_op GL_EXT_blend_minmax GL_EXT_blend_subtract GL_EXT_compiled_vertex_array GL_EXT_copy_texture GL_EXT_draw_buffers2 GL_EXT_draw_range_elements GL_EXT_fog_coord GL_EXT_framebuffer_blit GL_EXT_framebuffer_multisample GL_EXT_framebuffer_object GL_EXT_gpu_program_parameters GL_EXT_multi_draw_arrays GL_EXT_packed_depth_stencil GL_EXT_packed_pixels GL_EXT_pixel_buffer_object GL_EXT_point_parameters GL_EXT_polygon_offset GL_EXT_provoking_vertex GL_EXT_rescale_normal GL_EXT_secondary_color GL_EXT_separate_shader_objects GL_EXT_separate_specular_color GL_EXT_shadow_funcs GL_EXT_stencil_two_side GL_EXT_stencil_wrap GL_EXT_subtexture GL_EXT_texture3D GL_EXT_texture_cube_map GL_EXT_texture_edge_clamp GL_EXT_texture_env_add GL_EXT_texture_env_combine GL_EXT_texture_env_dot3 GL_EXT_texture_filter_anisotropic GL_EXT_texture_lod_bias GL_EXT_texture_object GL_EXT_texture GL_EXT_texture_rectangle GL_EXT_texture_sRGB GL_EXT_texture_swizzle GL_EXT_timer_query GL_EXT_vertex_array_bgra GL_EXT_vertex_array GL_OES_EGL_image GL_OES_read_format GL_3DFX_texture_compression_FXT1 GL_APPLE_client_storage GL_APPLE_object_purgeable GL_APPLE_packed_pixels GL_APPLE_vertex_array_object GL_ATI_blend_equation_separate GL_ATI_envmap_bumpmap GL_ATI_separate_stencil GL_ATI_texture_env_combine3 GL_IBM_multimode_draw_arrays GL_IBM_rasterpos_clip GL_IBM_texture_mirrored_repeat GL_INGR_blend_func_separate GL_MESA_pack_invert GL_MESA_texture_signed_rgba GL_MESA_window_pos GL_MESA_ycbcr_texture GL_NV_blend_square GL_NV_depth_clamp GL_NV_light_max_exponent GL_NV_packed_depth_stencil GL_NV_texgen_reflection GL_NV_texture_env_combine4 GL_NV_texture_rectangle GL_NV_vertex_program1_1 GL_NV_vertex_program GL_SGIS_generate_mipmap GL_SGIS_texture_border_clamp GL_SGIS_texture_edge_clamp GL_SGIS_texture_lod GL_SUN_multi_draw_arrays 
18:13:03: Supported GLX extensions: GLX_ARB_get_proc_address GLX_ARB_multisample GLX_EXT_import_context GLX_EXT_visual_info GLX_EXT_visual_rating GLX_MESA_copy_sub_buffer GLX_MESA_swap_control GLX_OML_swap_method GLX_OML_sync_control GLX_SGI_make_current_read GLX_SGI_swap_control GLX_SGI_video_sync GLX_SGIS_multisample GLX_SGIX_fbconfig GLX_SGIX_pbuffer GLX_SGIX_visual_select_group GLX_EXT_texture_from_pixmap GLX_INTEL_swap_event 
18:13:03: ***************************
18:13:03: *** GL Renderer Started ***
18:13:03: ***************************
18:13:03: Registering ResourceManager for type GpuProgram
18:13:03: GLSL support detected
18:13:03: GL: Using GL_EXT_framebuffer_object for rendering to textures (best)
18:13:03: FBO PF_UNKNOWN depth/stencil support: D0S1 D0S4 D0S8 D0S16 D16S0 D24S0 D32S0 Packed-D24S8 
18:13:03: FBO PF_A8 depth/stencil support: D0S0 D0S1 D0S4 D0S8 D0S16 D16S0 D24S0 D32S0 Packed-D24S8 
18:13:03: FBO PF_R5G6B5 depth/stencil support: D0S0 D0S1 D0S4 D0S8 D0S16 D16S0 D24S0 D32S0 Packed-D24S8 
18:13:03: FBO PF_B5G6R5 depth/stencil support: D0S0 D0S1 D0S4 D0S8 D0S16 D16S0 D24S0 D32S0 Packed-D24S8 
18:13:03: FBO PF_A4R4G4B4 depth/stencil support: D0S0 D0S1 D0S4 D0S8 D0S16 D16S0 D24S0 D32S0 Packed-D24S8 
18:13:03: FBO PF_A1R5G5B5 depth/stencil support: D0S0 D0S1 D0S4 D0S8 D0S16 D16S0 D24S0 D32S0 Packed-D24S8 
18:13:03: FBO PF_R8G8B8 depth/stencil support: D0S0 D0S1 D0S4 D0S8 D0S16 D16S0 D24S0 D32S0 Packed-D24S8 
18:13:03: FBO PF_B8G8R8 depth/stencil support: D0S0 D0S1 D0S4 D0S8 D0S16 D16S0 D24S0 D32S0 Packed-D24S8 
18:13:03: FBO PF_A8R8G8B8 depth/stencil support: D0S0 D0S1 D0S4 D0S8 D0S16 D16S0 D24S0 D32S0 Packed-D24S8 
18:13:03: FBO PF_B8G8R8A8 depth/stencil support: D0S0 D0S1 D0S4 D0S8 D0S16 D16S0 D24S0 D32S0 Packed-D24S8 
18:13:03: FBO PF_A2R10G10B10 depth/stencil support: D0S0 D0S1 D0S4 D0S8 D0S16 D16S0 D24S0 D32S0 Packed-D24S8 
18:13:03: FBO PF_A2B10G10R10 depth/stencil support: D0S0 D0S1 D0S4 D0S8 D0S16 D16S0 D24S0 D32S0 Packed-D24S8 
18:13:03: FBO PF_X8R8G8B8 depth/stencil support: D0S0 D0S1 D0S4 D0S8 D0S16 D16S0 D24S0 D32S0 Packed-D24S8 
18:13:03: FBO PF_X8B8G8R8 depth/stencil support: D0S0 D0S1 D0S4 D0S8 D0S16 D16S0 D24S0 D32S0 Packed-D24S8 
18:13:03: FBO PF_SHORT_RGBA depth/stencil support: D0S0 D0S1 D0S4 D0S8 D0S16 D16S0 D24S0 D32S0 Packed-D24S8 
18:13:03: FBO PF_R3G3B2 depth/stencil support: D0S0 D0S1 D0S4 D0S8 D0S16 D16S0 D24S0 D32S0 Packed-D24S8 
18:13:03: FBO PF_SHORT_RGB depth/stencil support: D0S0 D0S1 D0S4 D0S8 D0S16 D16S0 D24S0 D32S0 Packed-D24S8 
18:13:03: [GL] : Valid FBO targets PF_UNKNOWN PF_A8 PF_R5G6B5 PF_B5G6R5 PF_A4R4G4B4 PF_A1R5G5B5 PF_R8G8B8 PF_B8G8R8 PF_A8R8G8B8 PF_B8G8R8A8 PF_A2R10G10B10 PF_A2B10G10R10 PF_X8R8G8B8 PF_X8B8G8R8 PF_SHORT_RGBA PF_R3G3B2 PF_SHORT_RGB 
18:13:03: RenderSystem capabilities
18:13:03: -------------------------
18:13:03: RenderSystem Name: OpenGL Rendering Subsystem
18:13:03: GPU Vendor: unknown
18:13:03: Device Name: Mesa DRI Intel(R) Ironlake Mobile GEM 20100330 DEVELOPMENT x86/MMX/SSE2
18:13:03: Driver Version: 2.1.0.0
18:13:03:  * Fixed function pipeline: yes
18:13:03:  * Hardware generation of mipmaps: yes
18:13:03:  * Texture blending: yes
18:13:03:  * Anisotropic texture filtering: yes
18:13:03:  * Dot product texture operation: yes
18:13:03:  * Cube mapping: yes
18:13:03:  * Hardware stencil buffer: yes
18:13:03:    - Stencil depth: 8
18:13:03:    - Two sided stencil support: yes
18:13:03:    - Wrap stencil values: yes
18:13:03:  * Hardware vertex / index buffers: yes
18:13:03:  * Vertex programs: yes
18:13:03:  * Number of floating-point constants for vertex programs: 1024
18:13:03:  * Number of integer constants for vertex programs: 0
18:13:03:  * Number of boolean constants for vertex programs: 0
18:13:03:  * Fragment programs: yes
18:13:03:  * Number of floating-point constants for fragment programs: 1024
18:13:03:  * Number of integer constants for fragment programs: 0
18:13:03:  * Number of boolean constants for fragment programs: 0
18:13:03:  * Geometry programs: no
18:13:03:  * Number of floating-point constants for geometry programs: 0
18:13:03:  * Number of integer constants for geometry programs: 0
18:13:03:  * Number of boolean constants for geometry programs: 0
18:13:03:  * Supported Shader Profiles: arbfp1 arbvp1 glsl
18:13:03:  * Texture Compression: yes
18:13:03:    - DXT: no
18:13:03:    - VTC: no
18:13:03:    - PVRTC: no
18:13:03:  * Scissor Rectangle: yes
18:13:03:  * Hardware Occlusion Query: yes
18:13:03:  * User clip planes: yes
18:13:03:  * VET_UBYTE4 vertex element type: yes
18:13:03:  * Infinite far plane projection: yes
18:13:03:  * Hardware render-to-texture: yes
18:13:03:  * Floating point textures: no
18:13:03:  * Non-power-of-two textures: yes
18:13:03:  * Volume textures: yes
18:13:03:  * Multiple Render Targets: 8
18:13:03:    - With different bit depths: yes
18:13:03:  * Point Sprites: yes
18:13:03:  * Extended point parameters: yes
18:13:03:  * Max Point Size: 255
18:13:03:  * Vertex texture fetch: no
18:13:03:  * Number of world matrices: 0
18:13:03:  * Number of texture units: 16
18:13:03:  * Stencil buffer depth: 8
18:13:03:  * Number of vertex blend matrices: 0
18:13:03:  * Render to Vertex Buffer : no
18:13:03:  * GL 1.5 without VBO workaround: no
18:13:03:  * Frame Buffer objects: yes
18:13:03:  * Frame Buffer objects (ARB extension): no
18:13:03:  * Frame Buffer objects (ATI extension): no
18:13:03:  * PBuffer support: yes
18:13:03:  * GL 1.5 without HW-occlusion workaround: no
18:13:03: Registering ResourceManager for type Texture
18:13:03: DefaultWorkQueue('Root') initialising on thread 0xa0a2618.
18:13:03: DefaultWorkQueue('Root')::WorkerFunc - thread 0xa3f4008 starting.
18:13:03: DefaultWorkQueue('Root')::WorkerFunc - thread 0xa3f4538 starting.
18:13:03: Particle Renderer Type 'billboard' registered
18:13:03: DefaultWorkQueue('Root')::WorkerFunc - thread 0xa3f3d70 starting.
18:13:03: SceneManagerFactory for type 'OctreeSceneManager' registered.
18:13:03: SceneManagerFactory for type 'TerrainSceneManager' registered.
18:13:03: DefaultWorkQueue('Root')::WorkerFunc - thread 0xa3f3b78 starting.
18:13:03: Creating resource group Mary Engine Test
18:13:03: Added resource location '../../media/mesh' of type 'FileSystem' to resource group 'Mary Engine Test'
18:13:03: Initialising resource group Mary Engine Test
18:13:03: Parsing scripts for resource group Mary Engine Test
18:13:03: Parsing script Ogre.material
18:13:03: Parsing script facial.material
18:13:03: Finished parsing scripts for resource group Mary Engine Test
18:13:03: Loading resource group 'Mary Engine Test' - Resources: 1 World Geometry: 1
18:13:03: Texture: spheremap.png: Loading 1 faces(PF_R8G8B8,256x256x1) with 8 hardware generated mipmaps from Image. Internal format is PF_X8R8G8B8,256x256x1.
18:13:03: Texture: GreenSkin.jpg: Loading 1 faces(PF_R8G8B8,256x256x1) with 8 hardware generated mipmaps from Image. Internal format is PF_X8R8G8B8,256x256x1.
18:13:03: Texture: tusk.jpg: Loading 1 faces(PF_R8G8B8,96x96x1) with 6 hardware generated mipmaps from Image. Internal format is PF_X8R8G8B8,96x96x1.
18:13:03: Texture: Dr_Bunsen_Head.jpg: Loading 1 faces(PF_R8G8B8,1024x1024x1) with 10 hardware generated mipmaps from Image. Internal format is PF_X8R8G8B8,1024x1024x1.
18:13:03: Finished loading resource group Mary Engine Test
18:13:03: Texture: exemploDeTeste: Loading 1 faces(PF_R8G8B8,640x480x1) with 9 hardware generated mipmaps from Image. Internal format is PF_X8R8G8B8,640x480x1.
18:13:03: Mesh: Loading facial.mesh.
18:13:03: Can't assign material drbunsen_eye to SubEntity of Ogre/MO3 because this Material does not exist. Have you forgotten to define it in a .material script?
18:13:03: Can't assign material drbunsen_eyes to SubEntity of Ogre/MO3 because this Material does not exist. Have you forgotten to define it in a .material script?
18:13:08: Destroying resource group Mary Engine Test
18:13:08: Unloading resource group Mary Engine Test
18:13:08: Finished unloading resource group Mary Engine Test
